
ASEM-51 V1.3                                         Copyright (c) 2002 by W.W. Heinz                                         PAGE 1





       MCS-51 Family Macro Assembler   A S E M - 5 1   V 1.3
       =====================================================



	Source File:	GLCD.a51
	Object File:	GLCD.hex
	List File:	GLCD.lst



 Line  I  Addr  Code            Source

    1:
    2:				; The processor clock speed is 24MHz.
    3:				; Cycle time is .500uS.
    4:				; Demo software to display a bit-mapped
    5:				; graphic on a 240x128 graphics display
    6:				; with a T6963C LCD controller.
    7:
    8:		B	 90	PB_CD	BIT	P1.0
    9:		B	 91	PB_R	BIT	P1.1
   10:		B	 92	PB_W	BIT	P1.2
   11:		B	 93	PB_RST	BIT	P1.3
   12:
   13:		N      0000		ORG	0000h
   14:	  0000	02 01 00		LJMP	START		;program start
   15:
   16:		N      0100		ORG	0100h
   17:	  0100			START:
   18:					; Initialize the T6963C
   19:	  0100	C2 93			CLR	PB_RST		;hardware reset
   20:	  0102	00			NOP
   21:	  0103	00			NOP
   22:	  0104	00			NOP
   23:	  0105	00			NOP
   24:	  0106	D2 93			SETB	PB_RST
   25:	  0108			START1:
   26:	  0108	90 02 3D		MOV	DPTR,#MSGI1	;initialization bytes
   27:	  010B	12 01 E2		LCALL	MSGC
   28:	  010E	12 01 C3		LCALL	CLS
   29:					; Start of regular program
   30:	  0111	90 02 53		MOV	DPTR,#MSGI2	;CG RAM address pointer set
   31:	  0114	12 01 E2		LCALL	MSGC
   32:	  0117	90 02 5B		MOV	DPTR,#MSGI4	;set auto mode
   33:	  011A	12 01 E2		LCALL	MSGC
   34:	  011D	90 02 87		MOV	DPTR,#CGRAM	;set CG RAM
   35:	  0120	12 01 FA		LCALL	MSGD
   36:	  0123	79 B2			MOV	R1,#0B2h	;Auto Reset
   37:	  0125	12 02 17		LCALL	WRITEC
   38:					; Display graphic
   39:	  0128	90 02 57		MOV	DPTR,#MSGI3	;graphic address pointer set
   40:	  012B	12 01 E2		LCALL	MSGC
   41:	  012E	90 02 5B		MOV	DPTR,#MSGI4	;set auto mode
   42:	  0131	12 01 E2		LCALL	MSGC
   43:	  0134	90 02 90		MOV	DPTR,#GRAPHIC	;display graphic

ASEM-51 V1.3                                         Copyright (c) 2002 by W.W. Heinz                                         PAGE 2



 Line  I  Addr  Code            Source

   44:	  0137	12 01 FA		LCALL	MSGD
   45:	  013A	79 B2			MOV	R1,#0B2h	;Auto Reset
   46:	  013C	12 02 17		LCALL	WRITEC
   47:					; Display text1
   48:	  013F	90 02 5F		MOV	DPTR,#MSGI5	;text initialization bytes
   49:	  0142	12 01 E2		LCALL	MSGC
   50:	  0145	90 02 5B		MOV	DPTR,#MSGI4	;set auto mode
   51:	  0148	12 01 E2		LCALL	MSGC
   52:	  014B	90 11 91		MOV	DPTR,#TEXT1	;display text
   53:	  014E	12 02 07		LCALL	MSGDT
   54:	  0151	79 B2			MOV	R1,#0B2h	;Auto Reset
   55:	  0153	12 02 17		LCALL	WRITEC
   56:					; Display text2
   57:	  0156	90 02 63		MOV	DPTR,#MSGI6	;text initialization bytes
   58:	  0159	12 01 E2		LCALL	MSGC
   59:	  015C	90 02 5B		MOV	DPTR,#MSGI4	;set auto mode
   60:	  015F	12 01 E2		LCALL	MSGC
   61:	  0162	90 11 A0		MOV	DPTR,#TEXT2	;display text
   62:	  0165	12 02 07		LCALL	MSGDT
   63:	  0168	79 B2			MOV	R1,#0B2h	;Auto Reset
   64:	  016A	12 02 17		LCALL	WRITEC
   65:	  016D	12 01 B6		LCALL	WAIT
   66:	  0170	12 01 C3		LCALL	CLS
   67:
   68:	  0173	90 02 6D		MOV	DPTR,#MSGI7	;text initialization bytes
   69:	  0176	12 01 E2		LCALL	MSGC
   70:					; Display attributes
   71:	  0179	90 02 57		MOV	DPTR,#MSGI3	;graphic address pointer set
   72:	  017C	12 01 E2		LCALL	MSGC
   73:	  017F	90 02 5B		MOV	DPTR,#MSGI4	;set auto mode
   74:	  0182	12 01 E2		LCALL	MSGC
   75:	  0185	90 11 B6		MOV	DPTR,#ATTRIB	;display attributes
   76:	  0188	12 01 FA		LCALL	MSGD
   77:
   78:	  018B	79 B2			MOV	R1,#0B2h	;Auto Reset
   79:	  018D	12 02 17		LCALL	WRITEC
   80:
   81:					; Display text
   82:	  0190	90 02 83		MOV	DPTR,#MSGI8	;text address pointer set
   83:	  0193	12 01 E2		LCALL	MSGC
   84:	  0196	90 02 5B		MOV	DPTR,#MSGI4	;set auto mode
   85:	  0199	12 01 E2		LCALL	MSGC
   86:	  019C	90 11 D7		MOV	DPTR,#TEXT3	;display text
   87:	  019F	12 02 07		LCALL	MSGDT
   88:	  01A2	79 B2			MOV	R1,#0B2h	;Auto Reset
   89:	  01A4	12 02 17		LCALL	WRITEC
   90:	  01A7	12 01 B6		LCALL	WAIT
   91:	  01AA	12 01 B6		LCALL	WAIT
   92:	  01AD	12 01 B6		LCALL	WAIT
   93:	  01B0	12 01 B6		LCALL	WAIT
   94:	  01B3	02 01 08		LJMP	START1		;infinite loop
   95:
   96:	  01B6			WAIT:
   97:	  01B6	7D 00			MOV	R5,#00h
   98:	  01B8	7E 00			MOV	R6,#00h
   99:	  01BA	7F 40			MOV	R7,#40h

ASEM-51 V1.3                                         Copyright (c) 2002 by W.W. Heinz                                         PAGE 3



 Line  I  Addr  Code            Source

  100:	  01BC			WAIT1:
  101:	  01BC	DD FE			DJNZ	R5,WAIT1
  102:	  01BE	DE FC			DJNZ	R6,WAIT1
  103:	  01C0	DF FA			DJNZ	R7,WAIT1
  104:	  01C2	22			RET
  105:
  106:				;*************************************************
  107:				;SUBROUTINES
  108:
  109:				;Clear 32K ram
  110:	  01C3			CLS:
  111:	  01C3	90 02 57		MOV	DPTR,#MSGI3	;Set ADP to 0000h
  112:	  01C6	12 01 E2		LCALL	MSGC
  113:	  01C9	90 02 5B		MOV	DPTR,#MSGI4	;set auto mode
  114:	  01CC	12 01 E2		LCALL	MSGC
  115:	  01CF	7F 80			MOV	R7,#80h
  116:	  01D1	7E 00			MOV	R6,#00h
  117:	  01D3			CLS1:
  118:	  01D3	79 00			MOV	R1,#00h
  119:	  01D5	12 02 23		LCALL	WRITED
  120:	  01D8	DE F9			DJNZ	R6,CLS1
  121:	  01DA	DF F7			DJNZ	R7,CLS1
  122:	  01DC	79 B2			MOV	R1,#0B2h	;Auto Reset
  123:	  01DE	12 02 17		LCALL	WRITEC
  124:	  01E1	22			RET
  125:
  126:				; MSGC sends the data pointed to by
  127:				; the DPTR to the graphics module
  128:				; as a series of commands with
  129:				; two parameters each.
  130:	  01E2			MSGC:
  131:	  01E2	78 02			MOV	R0,#2		;# of data bytes
  132:	  01E4			MSGC2:
  133:	  01E4	E4			CLR	A
  134:	  01E5	93			MOVC	A,@A+DPTR	;get byte
  135:	  01E6	B4 A1 01		CJNE	A,#0A1h,MSGC3	;done?
  136:	  01E9	22			RET
  137:
  138:	  01EA			MSGC3:
  139:	  01EA	F9			MOV	R1,A
  140:	  01EB	12 02 23		LCALL	WRITED		;send it
  141:	  01EE	A3			INC	DPTR
  142:	  01EF	D8 F3			DJNZ	R0,MSGC2
  143:	  01F1	E4			CLR	A
  144:	  01F2	93			MOVC	A,@A+DPTR	;get command
  145:	  01F3	F9			MOV	R1,A
  146:	  01F4	12 02 17		LCALL	WRITEC		;send command
  147:	  01F7	A3			INC	DPTR
  148:	  01F8	80 E8			SJMP	MSGC		;next command
  149:
  150:				; MSGD sends the data pointed to by
  151:				; the DPTR to the graphics module.
  152:	  01FA			MSGD:
  153:	  01FA	E4			CLR	A
  154:	  01FB	93			MOVC	A,@A+DPTR	;get byte
  155:	  01FC	B4 A1 01		CJNE	A,#0A1h,MSGD1	;done?

ASEM-51 V1.3                                         Copyright (c) 2002 by W.W. Heinz                                         PAGE 4



 Line  I  Addr  Code            Source

  156:	  01FF	22			RET
  157:
  158:	  0200			MSGD1:
  159:	  0200	F9			MOV	R1,A
  160:	  0201	12 02 23		LCALL	WRITED		;send data
  161:	  0204	A3			INC	DPTR
  162:	  0205	80 F3			SJMP	MSGD
  163:
  164:				; MSGDT sends the data pointed to by
  165:				; the DPTR to the graphics module.
  166:				;20h is subtracted to get the psaudo ascii
  167:	  0207			MSGDT:
  168:	  0207	E4			CLR	A
  169:	  0208	93			MOVC	A,@A+DPTR	;get byte
  170:	  0209	B4 A1 01		CJNE	A,#0A1h,MSGDT1	;done?
  171:	  020C	22			RET
  172:
  173:	  020D			MSGDT1:
  174:	  020D	C3			CLR	C
  175:	  020E	94 20			SUBB	A,#20h		;Subtract 20h to get psaudo ascii
  176:	  0210	F9			MOV	R1,A
  177:	  0211	12 02 23		LCALL	WRITED		;send data
  178:	  0214	A3			INC	DPTR
  179:	  0215	80 F0			SJMP	MSGDT
  180:
  181:				; WRITEC sends the byte in R1 to a
  182:				; graphics module as a command.
  183:	  0217			WRITEC:
  184:	  0217	12 02 2A		LCALL	STATUS		;display ready?
  185:	  021A	D2 90			SETB	PB_CD		;c/d = 1
  186:	  021C			WRITEC1:
  187:	  021C	89 A0			MOV	P2,R1		;set data
  188:	  021E	C2 92			CLR	PB_W		;strobe it
  189:	  0220	D2 92			SETB	PB_W
  190:	  0222	22			RET
  191:
  192:				; WRITED sends the byte in R1 to the
  193:				; graphics module as data.
  194:	  0223			WRITED:
  195:	  0223	12 02 2A		LCALL	STATUS		;display ready?
  196:	  0226	C2 90			CLR	PB_CD		;c/d = 0
  197:	  0228	80 F2			SJMP	WRITEC1
  198:
  199:				; STATUS check to see that the graphic
  200:				; display is ready. It won't return
  201:				; until it is.
  202:	  022A			STATUS:
  203:	  022A	D2 90			SETB	PB_CD		;c/d=1
  204:	  022C	75 A0 FF		MOV	P2,#0FFh	;P2 to input
  205:	  022F	7B 0B			MOV	R3,#0Bh		;status bits mask
  206:	  0231			STAT1:
  207:	  0231	C2 91			CLR	PB_R		;read it
  208:	  0233	E5 A0			MOV	A,P2
  209:	  0235	D2 91			SETB	PB_R
  210:	  0237	5B			ANL	A,R3		;status OK?
  211:	  0238	C3			CLR	C

ASEM-51 V1.3                                         Copyright (c) 2002 by W.W. Heinz                                         PAGE 5



 Line  I  Addr  Code            Source

  212:	  0239	9B			SUBB	A,R3
  213:	  023A	70 F5			JNZ	STAT1
  214:	  023C	22			RET
  215:
  216:				;************************************************
  217:				; TABLES AND DATA
  218:				; Initialization bytes for 240x128
  219:	  023D			MSGI1:
  220:	  023D	00 10 40		DB	00h,10h,40h	;text home address
  221:	  0240	1E 00 41		DB	1Eh,00h,41h	;text area
  222:	  0243	00 00 42		DB	00h,00h,42h	;graphic home address
  223:	  0246	1E 00 43		DB	1Eh,00h,43h	;graphic area
  224:	  0249	00 00 81		DB	00h,00h,81h	;mode set. EXOR Mode
  225:	  024C	04 00 22		DB	04h,00h,22h	;offset register set, CG RAM area at 2000h to 27FFh
  226:	  024F	00 00 9F		DB	00h,00h,9Fh	;display mode set. Text on, Graphic on, Cursor on, Blink on
  227:	  0252	A1			DB	0A1h
  228:
  229:	  0253			MSGI2:
  230:	  0253	00 24 24		DB	00h,24h,24h	;CG RAM address pointer set, character code 80h
  231:	  0256	A1			DB	0A1h
  232:
  233:	  0257			MSGI3:
  234:	  0257	00 00 24		DB	00h,00h,24h	;graphic address pointer set
  235:	  025A	A1			DB	0A1h
  236:
  237:	  025B			MSGI4:
  238:	  025B	00 00 B0		DB	00h,00h,0B0h	;auto mode
  239:	  025E	A1			DB	0A1h
  240:
  241:	  025F			MSGI5:
  242:	  025F	53 11 24		DB	53h,11h,24h	;text address pointer set.
  243:	  0262	A1			DB	0A1h
  244:
  245:	  0263			MSGI6:
  246:	  0263	6C 11 24		DB	6Ch,11h,24h	;text address pointer set.
  247:	  0266	19 0C 21		DB	19h,0Ch,21h	;Cursor pointer
  248:	  0269	00 00 A0		DB	00h,00h,0A0h	;1 line cursor
  249:	  026C	A1			DB	0A1h
  250:
  251:	  026D			MSGI7:
  252:	  026D	00 10 40		DB	00h,10h,40h	;text home address
  253:	  0270	1E 00 41		DB	1Eh,00h,41h	;text area
  254:	  0273	00 00 42		DB	00h,00h,42h	;graphic home address
  255:	  0276	1E 00 43		DB	1Eh,00h,43h	;graphic area
  256:	  0279	00 00 84		DB	00h,00h,84h	;mode set. ATTRIBUTE Mode
  257:	  027C	04 00 22		DB	04h,00h,22h	;offset register set, CG RAM area at 2000h to 27FFh
  258:	  027F	00 00 94		DB	00h,00h,94h	;display mode set. Text on, Graphic off, Cursor off, Blink off
  259:	  0282	A1			DB	0A1h
  260:
  261:	  0283			MSGI8:
  262:	  0283	00 10 24		DB	00h,10h,24h	;text address pointer set.
  263:	  0286	A1			DB	0A1h
  264:
  265:	  0287			CGRAM:
  266:					;80h
  267:	  0287	00			DB	00000000b

ASEM-51 V1.3                                         Copyright (c) 2002 by W.W. Heinz                                         PAGE 6



 Line  I  Addr  Code            Source

  268:	  0288	04			DB	00000100b
  269:	  0289	0E			DB	00001110b
  270:	  028A	15			DB	00010101b
  271:	  028B	04			DB	00000100b
  272:	  028C	04			DB	00000100b
  273:	  028D	04			DB	00000100b
  274:	  028E	00			DB	00000000b
  275:	  028F	A1			DB	0A1h
  276:
  277:				;240x128 Bitmap graphic data
  278:				;The graphic consists of 240/8*128=3840 bytes
  279:				;of binary data.
  280:	  0290			GRAPHIC:
  281:	  0290	FF FF FF FF		DB	0FFh,0FFh,0FFh,0FFh,0FFh,0FFh,0FFh,0FFh,0FFh,0FFh,0FFh,0FFh,0FFh,0FFh,0FFh,0FFh,0FFh
	  0294	FF FF FF FF	,0FFh,0FFh,0FFh,0FFh,0FFh,0FFh,0FFh,0FFh,0FFh,0FFh,0FFh,0FFh,0FFh
	  0298	FF FF FF FF
	  029C	FF FF FF FF
	  02A0	FF FF FF FF
	  02A4	FF FF FF FF
	  02A8	FF FF FF FF
	  02AC	FF FF
  282:	  02AE	80 00 00 00		DB	080h,000h,000h,000h,000h,000h,000h,000h,000h,000h,000h,000h,000h,000h,000h,000h,000h
	  02B2	00 00 00 00	,000h,000h,000h,000h,000h,000h,000h,000h,000h,000h,000h,000h,001h
	  02B6	00 00 00 00
	  02BA	00 00 00 00
	  02BE	00 00 00 00
	  02C2	00 00 00 00
	  02C6	00 00 00 00
	  02CA	00 01
  283:	  02CC	80 00 00 00		DB	080h,000h,000h,000h,000h,000h,000h,000h,000h,000h,000h,000h,000h,000h,000h,000h,000h
	  02D0	00 00 00 00	,000h,000h,000h,000h,000h,000h,000h,000h,000h,000h,000h,000h,001h
	  02D4	00 00 00 00
	  02D8	00 00 00 00
	  02DC	00 00 00 00
	  02E0	00 00 00 00
	  02E4	00 00 00 00
	  02E8	00 01
  284:	  02EA	80 00 00 00		DB	080h,000h,000h,000h,000h,000h,000h,000h,000h,000h,000h,000h,000h,000h,000h,000h,000h
	  02EE	00 00 00 00	,000h,000h,000h,000h,000h,000h,000h,000h,000h,000h,000h,000h,001h
	  02F2	00 00 00 00
	  02F6	00 00 00 00
	  02FA	00 00 00 00
	  02FE	00 00 00 00
	  0302	00 00 00 00
	  0306	00 01
  285:	  0308	80 00 00 00		DB	080h,000h,000h,000h,000h,000h,000h,000h,000h,000h,000h,000h,000h,000h,000h,000h,000h
	  030C	00 00 00 00	,000h,000h,000h,000h,000h,000h,000h,000h,000h,000h,000h,000h,001h
	  0310	00 00 00 00
	  0314	00 00 00 00
	  0318	00 00 00 00
	  031C	00 00 00 00
	  0320	00 00 00 00
	  0324	00 01
  286:	  0326	80 00 00 00		DB	080h,000h,000h,000h,000h,000h,000h,000h,000h,000h,000h,000h,000h,000h,000h,000h,000h
	  032A	00 00 00 00	,000h,000h,000h,000h,000h,000h,000h,000h,000h,000h,000h,000h,001h
	  032E	00 00 00 00

ASEM-51 V1.3                                         Copyright (c) 2002 by W.W. Heinz                                         PAGE 7



 Line  I  Addr  Code            Source

	  0332	00 00 00 00
	  0336	00 00 00 00
	  033A	00 00 00 00
	  033E	00 00 00 00
	  0342	00 01
  287:	  0344	80 00 00 00		DB	080h,000h,000h,000h,000h,000h,000h,000h,000h,000h,000h,000h,000h,000h,000h,000h,000h
	  0348	00 00 00 00	,000h,000h,000h,000h,000h,000h,000h,000h,000h,000h,000h,000h,001h
	  034C	00 00 00 00
	  0350	00 00 00 00
	  0354	00 00 00 00
	  0358	00 00 00 00
	  035C	00 00 00 00
	  0360	00 01
  288:	  0362	80 00 00 00		DB	080h,000h,000h,000h,000h,000h,000h,000h,000h,000h,000h,000h,000h,000h,000h,000h,000h
	  0366	00 00 00 00	,000h,000h,000h,000h,000h,000h,000h,000h,000h,000h,000h,000h,001h
	  036A	00 00 00 00
	  036E	00 00 00 00
	  0372	00 00 00 00
	  0376	00 00 00 00
	  037A	00 00 00 00
	  037E	00 01
  289:	  0380	80 00 00 00		DB	080h,000h,000h,000h,000h,000h,0FFh,0FFh,0FFh,000h,000h,000h,000h,000h,0FFh,000h,000h
	  0384	00 00 FF FF	,000h,000h,000h,000h,000h,000h,000h,000h,000h,000h,000h,000h,001h
	  0388	FF 00 00 00
	  038C	00 00 FF 00
	  0390	00 00 00 00
	  0394	00 00 00 00
	  0398	00 00 00 00
	  039C	00 01
  290:	  039E	80 00 00 00		DB	080h,000h,000h,000h,000h,000h,0FFh,0FFh,0FFh,000h,000h,000h,000h,000h,0FFh,000h,000h
	  03A2	00 00 FF FF	,000h,000h,000h,000h,000h,000h,000h,000h,000h,000h,000h,000h,001h
	  03A6	FF 00 00 00
	  03AA	00 00 FF 00
	  03AE	00 00 00 00
	  03B2	00 00 00 00
	  03B6	00 00 00 00
	  03BA	00 01
  291:	  03BC	80 00 00 00		DB	080h,000h,000h,000h,000h,000h,0FFh,0FFh,0FFh,000h,000h,000h,000h,000h,0FFh,000h,000h
	  03C0	00 00 FF FF	,000h,000h,000h,000h,000h,000h,000h,000h,000h,000h,000h,000h,001h
	  03C4	FF 00 00 00
	  03C8	00 00 FF 00
	  03CC	00 00 00 00
	  03D0	00 00 00 00
	  03D4	00 00 00 00
	  03D8	00 01
  292:	  03DA	80 00 00 00		DB	080h,000h,000h,000h,000h,000h,0FFh,0FFh,0FFh,000h,000h,000h,000h,000h,0FFh,000h,000h
	  03DE	00 00 FF FF	,000h,000h,000h,000h,000h,000h,000h,000h,000h,000h,000h,000h,001h
	  03E2	FF 00 00 00
	  03E6	00 00 FF 00
	  03EA	00 00 00 00
	  03EE	00 00 00 00
	  03F2	00 00 00 00
	  03F6	00 01
  293:	  03F8	80 00 00 00		DB	080h,000h,000h,000h,000h,000h,0FFh,0FFh,0FFh,000h,000h,000h,000h,000h,0FFh,000h,000h
	  03FC	00 00 FF FF	,000h,000h,000h,000h,000h,000h,000h,000h,000h,000h,000h,000h,001h
	  0400	FF 00 00 00

ASEM-51 V1.3                                         Copyright (c) 2002 by W.W. Heinz                                         PAGE 8



 Line  I  Addr  Code            Source

	  0404	00 00 FF 00
	  0408	00 00 00 00
	  040C	00 00 00 00
	  0410	00 00 00 00
	  0414	00 01
  294:	  0416	80 00 00 00		DB	080h,000h,000h,000h,000h,000h,0FFh,0FFh,0FFh,000h,000h,000h,000h,000h,0FFh,000h,000h
	  041A	00 00 FF FF	,000h,000h,000h,000h,000h,000h,000h,000h,000h,000h,000h,000h,001h
	  041E	FF 00 00 00
	  0422	00 00 FF 00
	  0426	00 00 00 00
	  042A	00 00 00 00
	  042E	00 00 00 00
	  0432	00 01
  295:	  0434	80 00 00 00		DB	080h,000h,000h,000h,000h,000h,0FFh,0FFh,0FFh,000h,000h,000h,000h,000h,0FFh,000h,000h
	  0438	00 00 FF FF	,000h,000h,000h,000h,000h,000h,000h,000h,000h,000h,000h,000h,001h
	  043C	FF 00 00 00
	  0440	00 00 FF 00
	  0444	00 00 00 00
	  0448	00 00 00 00
	  044C	00 00 00 00
	  0450	00 01
  296:	  0452	80 00 00 00		DB	080h,000h,000h,000h,000h,000h,0FFh,0FFh,0FFh,000h,000h,000h,000h,000h,0FFh,000h,000h
	  0456	00 00 FF FF	,000h,000h,000h,000h,000h,000h,000h,000h,000h,000h,000h,000h,001h
	  045A	FF 00 00 00
	  045E	00 00 FF 00
	  0462	00 00 00 00
	  0466	00 00 00 00
	  046A	00 00 00 00
	  046E	00 01
  297:	  0470	80 00 00 00		DB	080h,000h,000h,000h,000h,0FFh,000h,000h,000h,0FFh,000h,000h,000h,000h,000h,000h,000h
	  0474	00 FF 00 00	,000h,000h,000h,000h,000h,000h,000h,000h,000h,000h,000h,000h,001h
	  0478	00 FF 00 00
	  047C	00 00 00 00
	  0480	00 00 00 00
	  0484	00 00 00 00
	  0488	00 00 00 00
	  048C	00 01
  298:	  048E	80 00 00 00		DB	080h,000h,000h,000h,000h,0FFh,000h,000h,000h,0FFh,000h,000h,000h,000h,000h,000h,000h
	  0492	00 FF 00 00	,000h,000h,000h,000h,000h,000h,000h,000h,000h,000h,000h,000h,001h
	  0496	00 FF 00 00
	  049A	00 00 00 00
	  049E	00 00 00 00
	  04A2	00 00 00 00
	  04A6	00 00 00 00
	  04AA	00 01
  299:	  04AC	80 00 00 00		DB	080h,000h,000h,000h,000h,0FFh,000h,000h,000h,0FFh,000h,000h,000h,000h,000h,000h,000h
	  04B0	00 FF 00 00	,000h,000h,000h,000h,000h,000h,000h,000h,000h,000h,000h,000h,001h
	  04B4	00 FF 00 00
	  04B8	00 00 00 00
	  04BC	00 00 00 00
	  04C0	00 00 00 00
	  04C4	00 00 00 00
	  04C8	00 01
  300:	  04CA	80 00 00 00		DB	080h,000h,000h,000h,000h,0FFh,000h,000h,000h,0FFh,000h,000h,000h,000h,000h,000h,000h
	  04CE	00 FF 00 00	,000h,000h,000h,000h,000h,000h,000h,000h,000h,000h,000h,000h,001h
	  04D2	00 FF 00 00

ASEM-51 V1.3                                         Copyright (c) 2002 by W.W. Heinz                                         PAGE 9



 Line  I  Addr  Code            Source

	  04D6	00 00 00 00
	  04DA	00 00 00 00
	  04DE	00 00 00 00
	  04E2	00 00 00 00
	  04E6	00 01
  301:	  04E8	80 00 00 00		DB	080h,000h,000h,000h,000h,0FFh,000h,000h,000h,0FFh,000h,000h,000h,000h,000h,000h,000h
	  04EC	00 FF 00 00	,000h,000h,000h,000h,000h,000h,000h,000h,000h,000h,000h,000h,001h
	  04F0	00 FF 00 00
	  04F4	00 00 00 00
	  04F8	00 00 00 00
	  04FC	00 00 00 00
	  0500	00 00 00 00
	  0504	00 01
  302:	  0506	80 00 00 00		DB	080h,000h,000h,000h,000h,0FFh,000h,000h,000h,0FFh,000h,000h,000h,000h,000h,000h,000h
	  050A	00 FF 00 00	,000h,000h,000h,000h,000h,000h,000h,000h,000h,000h,000h,000h,001h
	  050E	00 FF 00 00
	  0512	00 00 00 00
	  0516	00 00 00 00
	  051A	00 00 00 00
	  051E	00 00 00 00
	  0522	00 01
  303:	  0524	80 00 00 00		DB	080h,000h,000h,000h,000h,0FFh,000h,000h,000h,0FFh,000h,000h,000h,000h,000h,000h,000h
	  0528	00 FF 00 00	,000h,000h,000h,000h,000h,000h,000h,000h,000h,000h,000h,000h,001h
	  052C	00 FF 00 00
	  0530	00 00 00 00
	  0534	00 00 00 00
	  0538	00 00 00 00
	  053C	00 00 00 00
	  0540	00 01
  304:	  0542	80 00 00 00		DB	080h,000h,000h,000h,000h,0FFh,000h,000h,000h,0FFh,000h,000h,000h,000h,000h,000h,000h
	  0546	00 FF 00 00	,000h,000h,000h,000h,000h,000h,000h,000h,000h,000h,000h,000h,001h
	  054A	00 FF 00 00
	  054E	00 00 00 00
	  0552	00 00 00 00
	  0556	00 00 00 00
	  055A	00 00 00 00
	  055E	00 01
  305:	  0560	80 00 00 00		DB	080h,000h,000h,000h,000h,0FFh,000h,000h,000h,000h,000h,000h,000h,0FFh,0FFh,000h,000h
	  0564	00 FF 00 00	,000h,000h,0FFh,000h,0FFh,000h,0FFh,000h,000h,000h,000h,000h,001h
	  0568	00 00 00 00
	  056C	00 FF FF 00
	  0570	00 00 00 FF
	  0574	00 FF 00 FF
	  0578	00 00 00 00
	  057C	00 01
  306:	  057E	80 00 00 00		DB	080h,000h,000h,000h,000h,0FFh,000h,000h,000h,000h,000h,000h,000h,0FFh,0FFh,000h,000h
	  0582	00 FF 00 00	,000h,000h,0FFh,000h,0FFh,000h,0FFh,000h,000h,000h,000h,000h,001h
	  0586	00 00 00 00
	  058A	00 FF FF 00
	  058E	00 00 00 FF
	  0592	00 FF 00 FF
	  0596	00 00 00 00
	  059A	00 01
  307:	  059C	80 00 00 00		DB	080h,000h,000h,000h,000h,0FFh,000h,000h,000h,000h,000h,000h,000h,0FFh,0FFh,000h,000h
	  05A0	00 FF 00 00	,000h,000h,0FFh,000h,0FFh,000h,0FFh,000h,000h,000h,000h,000h,001h
	  05A4	00 00 00 00

ASEM-51 V1.3                                        Copyright (c) 2002 by W.W. Heinz                                         PAGE 10



 Line  I  Addr  Code            Source

	  05A8	00 FF FF 00
	  05AC	00 00 00 FF
	  05B0	00 FF 00 FF
	  05B4	00 00 00 00
	  05B8	00 01
  308:	  05BA	80 00 00 00		DB	080h,000h,000h,000h,000h,0FFh,000h,000h,000h,000h,000h,000h,000h,0FFh,0FFh,000h,000h
	  05BE	00 FF 00 00	,000h,000h,0FFh,000h,0FFh,000h,0FFh,000h,000h,000h,000h,000h,001h
	  05C2	00 00 00 00
	  05C6	00 FF FF 00
	  05CA	00 00 00 FF
	  05CE	00 FF 00 FF
	  05D2	00 00 00 00
	  05D6	00 01
  309:	  05D8	80 00 00 00		DB	080h,000h,000h,000h,000h,000h,0FFh,0FFh,0FFh,000h,000h,000h,000h,0FFh,0FFh,000h,000h
	  05DC	00 00 FF FF	,000h,000h,0FFh,000h,0FFh,000h,0FFh,000h,000h,000h,000h,000h,001h
	  05E0	FF 00 00 00
	  05E4	00 FF FF 00
	  05E8	00 00 00 FF
	  05EC	00 FF 00 FF
	  05F0	00 00 00 00
	  05F4	00 01
  310:	  05F6	80 00 00 00		DB	080h,000h,000h,000h,000h,000h,0FFh,0FFh,0FFh,000h,000h,000h,000h,0FFh,0FFh,000h,000h
	  05FA	00 00 FF FF	,000h,000h,0FFh,000h,0FFh,000h,0FFh,000h,000h,000h,000h,000h,001h
	  05FE	FF 00 00 00
	  0602	00 FF FF 00
	  0606	00 00 00 FF
	  060A	00 FF 00 FF
	  060E	00 00 00 00
	  0612	00 01
  311:	  0614	80 00 00 00		DB	080h,000h,000h,000h,000h,000h,0FFh,0FFh,0FFh,000h,000h,000h,000h,0FFh,0FFh,000h,000h
	  0618	00 00 FF FF	,000h,000h,0FFh,000h,0FFh,000h,0FFh,000h,000h,000h,000h,000h,001h
	  061C	FF 00 00 00
	  0620	00 FF FF 00
	  0624	00 00 00 FF
	  0628	00 FF 00 FF
	  062C	00 00 00 00
	  0630	00 01
  312:	  0632	80 00 00 00		DB	080h,000h,000h,000h,000h,000h,0FFh,0FFh,0FFh,000h,000h,000h,000h,0FFh,0FFh,000h,000h
	  0636	00 00 FF FF	,000h,000h,0FFh,000h,0FFh,000h,0FFh,000h,000h,000h,000h,000h,001h
	  063A	FF 00 00 00
	  063E	00 FF FF 00
	  0642	00 00 00 FF
	  0646	00 FF 00 FF
	  064A	00 00 00 00
	  064E	00 01
  313:	  0650	80 00 00 00		DB	080h,000h,000h,000h,000h,000h,0FFh,0FFh,0FFh,000h,000h,000h,000h,000h,0FFh,000h,000h
	  0654	00 00 FF FF	,000h,000h,0FFh,0FFh,000h,0FFh,000h,0FFh,000h,000h,000h,000h,001h
	  0658	FF 00 00 00
	  065C	00 00 FF 00
	  0660	00 00 00 FF
	  0664	FF 00 FF 00
	  0668	FF 00 00 00
	  066C	00 01
  314:	  066E	80 00 00 00		DB	080h,000h,000h,000h,000h,000h,0FFh,0FFh,0FFh,000h,000h,000h,000h,000h,0FFh,000h,000h
	  0672	00 00 FF FF	,000h,000h,0FFh,0FFh,000h,0FFh,000h,0FFh,000h,000h,000h,000h,001h
	  0676	FF 00 00 00

ASEM-51 V1.3                                        Copyright (c) 2002 by W.W. Heinz                                         PAGE 11



 Line  I  Addr  Code            Source

	  067A	00 00 FF 00
	  067E	00 00 00 FF
	  0682	FF 00 FF 00
	  0686	FF 00 00 00
	  068A	00 01
  315:	  068C	80 00 00 00		DB	080h,000h,000h,000h,000h,000h,0FFh,0FFh,0FFh,000h,000h,000h,000h,000h,0FFh,000h,000h
	  0690	00 00 FF FF	,000h,000h,0FFh,0FFh,000h,0FFh,000h,0FFh,000h,000h,000h,000h,001h
	  0694	FF 00 00 00
	  0698	00 00 FF 00
	  069C	00 00 00 FF
	  06A0	FF 00 FF 00
	  06A4	FF 00 00 00
	  06A8	00 01
  316:	  06AA	80 00 00 00		DB	080h,000h,000h,000h,000h,000h,0FFh,0FFh,0FFh,000h,000h,000h,000h,000h,0FFh,000h,000h
	  06AE	00 00 FF FF	,000h,000h,0FFh,0FFh,000h,0FFh,000h,0FFh,000h,000h,000h,000h,001h
	  06B2	FF 00 00 00
	  06B6	00 00 FF 00
	  06BA	00 00 00 FF
	  06BE	FF 00 FF 00
	  06C2	FF 00 00 00
	  06C6	00 01
  317:	  06C8	80 00 00 00		DB	080h,000h,000h,000h,000h,000h,000h,000h,000h,0FFh,000h,000h,000h,000h,0FFh,000h,000h
	  06CC	00 00 00 00	,000h,000h,0FFh,0FFh,000h,0FFh,000h,0FFh,000h,000h,000h,000h,001h
	  06D0	00 FF 00 00
	  06D4	00 00 FF 00
	  06D8	00 00 00 FF
	  06DC	FF 00 FF 00
	  06E0	FF 00 00 00
	  06E4	00 01
  318:	  06E6	80 00 00 00		DB	080h,000h,000h,000h,000h,000h,000h,000h,000h,0FFh,000h,000h,000h,000h,0FFh,000h,000h
	  06EA	00 00 00 00	,000h,000h,0FFh,0FFh,000h,0FFh,000h,0FFh,000h,000h,000h,000h,001h
	  06EE	00 FF 00 00
	  06F2	00 00 FF 00
	  06F6	00 00 00 FF
	  06FA	FF 00 FF 00
	  06FE	FF 00 00 00
	  0702	00 01
  319:	  0704	80 00 00 00		DB	080h,000h,000h,000h,000h,000h,000h,000h,000h,0FFh,000h,000h,000h,000h,0FFh,000h,000h
	  0708	00 00 00 00	,000h,000h,0FFh,0FFh,000h,0FFh,000h,0FFh,000h,000h,000h,000h,001h
	  070C	00 FF 00 00
	  0710	00 00 FF 00
	  0714	00 00 00 FF
	  0718	FF 00 FF 00
	  071C	FF 00 00 00
	  0720	00 01
  320:	  0722	80 00 00 00		DB	080h,000h,000h,000h,000h,000h,000h,000h,000h,0FFh,000h,000h,000h,000h,0FFh,000h,000h
	  0726	00 00 00 00	,000h,000h,0FFh,0FFh,000h,0FFh,000h,0FFh,000h,000h,000h,000h,001h
	  072A	00 FF 00 00
	  072E	00 00 FF 00
	  0732	00 00 00 FF
	  0736	FF 00 FF 00
	  073A	FF 00 00 00
	  073E	00 01
  321:	  0740	80 00 00 00		DB	080h,000h,000h,000h,000h,0FFh,000h,000h,000h,0FFh,000h,000h,000h,000h,0FFh,000h,000h
	  0744	00 FF 00 00	,000h,000h,0FFh,000h,000h,0FFh,000h,0FFh,000h,000h,000h,000h,001h
	  0748	00 FF 00 00

ASEM-51 V1.3                                        Copyright (c) 2002 by W.W. Heinz                                         PAGE 12



 Line  I  Addr  Code            Source

	  074C	00 00 FF 00
	  0750	00 00 00 FF
	  0754	00 00 FF 00
	  0758	FF 00 00 00
	  075C	00 01
  322:	  075E	80 00 00 00		DB	080h,000h,000h,000h,000h,0FFh,000h,000h,000h,0FFh,000h,000h,000h,000h,0FFh,000h,000h
	  0762	00 FF 00 00	,000h,000h,0FFh,000h,000h,0FFh,000h,0FFh,000h,000h,000h,000h,001h
	  0766	00 FF 00 00
	  076A	00 00 FF 00
	  076E	00 00 00 FF
	  0772	00 00 FF 00
	  0776	FF 00 00 00
	  077A	00 01
  323:	  077C	80 00 00 00		DB	080h,000h,000h,000h,000h,0FFh,000h,000h,000h,0FFh,000h,000h,000h,000h,0FFh,000h,000h
	  0780	00 FF 00 00	,000h,000h,0FFh,000h,000h,0FFh,000h,0FFh,000h,000h,000h,000h,001h
	  0784	00 FF 00 00
	  0788	00 00 FF 00
	  078C	00 00 00 FF
	  0790	00 00 FF 00
	  0794	FF 00 00 00
	  0798	00 01
  324:	  079A	80 00 00 00		DB	080h,000h,000h,000h,000h,0FFh,000h,000h,000h,0FFh,000h,000h,000h,000h,0FFh,000h,000h
	  079E	00 FF 00 00	,000h,000h,0FFh,000h,000h,0FFh,000h,0FFh,000h,000h,000h,000h,001h
	  07A2	00 FF 00 00
	  07A6	00 00 FF 00
	  07AA	00 00 00 FF
	  07AE	00 00 FF 00
	  07B2	FF 00 00 00
	  07B6	00 01
  325:	  07B8	80 00 00 00		DB	080h,000h,000h,000h,000h,0FFh,000h,000h,000h,0FFh,000h,000h,000h,000h,0FFh,000h,000h
	  07BC	00 FF 00 00	,000h,000h,0FFh,000h,000h,0FFh,000h,0FFh,000h,000h,000h,000h,001h
	  07C0	00 FF 00 00
	  07C4	00 00 FF 00
	  07C8	00 00 00 FF
	  07CC	00 00 FF 00
	  07D0	FF 00 00 00
	  07D4	00 01
  326:	  07D6	80 00 00 00		DB	080h,000h,000h,000h,000h,0FFh,000h,000h,000h,0FFh,000h,000h,000h,000h,0FFh,000h,000h
	  07DA	00 FF 00 00	,000h,000h,0FFh,000h,000h,0FFh,000h,0FFh,000h,000h,000h,000h,001h
	  07DE	00 FF 00 00
	  07E2	00 00 FF 00
	  07E6	00 00 00 FF
	  07EA	00 00 FF 00
	  07EE	FF 00 00 00
	  07F2	00 01
  327:	  07F4	80 00 00 00		DB	080h,000h,000h,000h,000h,0FFh,000h,000h,000h,0FFh,000h,000h,000h,000h,0FFh,000h,000h
	  07F8	00 FF 00 00	,000h,000h,0FFh,000h,000h,0FFh,000h,0FFh,000h,000h,000h,000h,001h
	  07FC	00 FF 00 00
	  0800	00 00 FF 00
	  0804	00 00 00 FF
	  0808	00 00 FF 00
	  080C	FF 00 00 00
	  0810	00 01
  328:	  0812	80 00 00 00		DB	080h,000h,000h,000h,000h,0FFh,000h,000h,000h,0FFh,000h,000h,000h,000h,0FFh,000h,000h
	  0816	00 FF 00 00	,000h,000h,0FFh,000h,000h,0FFh,000h,0FFh,000h,000h,000h,000h,001h
	  081A	00 FF 00 00

ASEM-51 V1.3                                        Copyright (c) 2002 by W.W. Heinz                                         PAGE 13



 Line  I  Addr  Code            Source

	  081E	00 00 FF 00
	  0822	00 00 00 FF
	  0826	00 00 FF 00
	  082A	FF 00 00 00
	  082E	00 01
  329:	  0830	80 00 00 00		DB	080h,000h,000h,000h,000h,000h,0FFh,0FFh,0FFh,000h,000h,000h,000h,0FFh,0FFh,0FFh,000h
	  0834	00 00 FF FF	,000h,000h,0FFh,000h,000h,0FFh,000h,0FFh,000h,000h,000h,000h,001h
	  0838	FF 00 00 00
	  083C	00 FF FF FF
	  0840	00 00 00 FF
	  0844	00 00 FF 00
	  0848	FF 00 00 00
	  084C	00 01
  330:	  084E	80 00 00 00		DB	080h,000h,000h,000h,000h,000h,0FFh,0FFh,0FFh,000h,000h,000h,000h,0FFh,0FFh,0FFh,000h
	  0852	00 00 FF FF	,000h,000h,0FFh,000h,000h,0FFh,000h,0FFh,000h,000h,000h,000h,001h
	  0856	FF 00 00 00
	  085A	00 FF FF FF
	  085E	00 00 00 FF
	  0862	00 00 FF 00
	  0866	FF 00 00 00
	  086A	00 01
  331:	  086C	80 00 00 00		DB	080h,000h,000h,000h,000h,000h,0FFh,0FFh,0FFh,000h,000h,000h,000h,0FFh,0FFh,0FFh,000h
	  0870	00 00 FF FF	,000h,000h,0FFh,000h,000h,0FFh,000h,0FFh,000h,000h,000h,000h,001h
	  0874	FF 00 00 00
	  0878	00 FF FF FF
	  087C	00 00 00 FF
	  0880	00 00 FF 00
	  0884	FF 00 00 00
	  0888	00 01
  332:	  088A	80 00 00 00		DB	080h,000h,000h,000h,000h,000h,0FFh,0FFh,0FFh,000h,000h,000h,000h,0FFh,0FFh,0FFh,000h
	  088E	00 00 FF FF	,000h,000h,0FFh,000h,000h,0FFh,000h,0FFh,000h,000h,000h,000h,001h
	  0892	FF 00 00 00
	  0896	00 FF FF FF
	  089A	00 00 00 FF
	  089E	00 00 FF 00
	  08A2	FF 00 00 00
	  08A6	00 01
  333:	  08A8	80 00 00 00		DB	080h,000h,000h,000h,000h,000h,0FFh,0FFh,0FFh,000h,000h,000h,000h,0FFh,0FFh,0FFh,000h
	  08AC	00 00 FF FF	,000h,000h,0FFh,000h,000h,0FFh,000h,0FFh,000h,000h,000h,000h,001h
	  08B0	FF 00 00 00
	  08B4	00 FF FF FF
	  08B8	00 00 00 FF
	  08BC	00 00 FF 00
	  08C0	FF 00 00 00
	  08C4	00 01
  334:	  08C6	80 00 00 00		DB	080h,000h,000h,000h,000h,000h,0FFh,0FFh,0FFh,000h,000h,000h,000h,0FFh,0FFh,0FFh,000h
	  08CA	00 00 FF FF	,000h,000h,0FFh,000h,000h,0FFh,000h,0FFh,000h,000h,000h,000h,001h
	  08CE	FF 00 00 00
	  08D2	00 FF FF FF
	  08D6	00 00 00 FF
	  08DA	00 00 FF 00
	  08DE	FF 00 00 00
	  08E2	00 01
  335:	  08E4	80 00 00 00		DB	080h,000h,000h,000h,000h,000h,0FFh,0FFh,0FFh,000h,000h,000h,000h,0FFh,0FFh,0FFh,000h
	  08E8	00 00 FF FF	,000h,000h,0FFh,000h,000h,0FFh,000h,0FFh,000h,000h,000h,000h,001h
	  08EC	FF 00 00 00

ASEM-51 V1.3                                        Copyright (c) 2002 by W.W. Heinz                                         PAGE 14



 Line  I  Addr  Code            Source

	  08F0	00 FF FF FF
	  08F4	00 00 00 FF
	  08F8	00 00 FF 00
	  08FC	FF 00 00 00
	  0900	00 01
  336:	  0902	80 00 00 00		DB	080h,000h,000h,000h,000h,000h,0FFh,0FFh,0FFh,000h,000h,000h,000h,0FFh,0FFh,0FFh,000h
	  0906	00 00 FF FF	,000h,000h,0FFh,000h,000h,0FFh,000h,0FFh,000h,000h,000h,000h,001h
	  090A	FF 00 00 00
	  090E	00 FF FF FF
	  0912	00 00 00 FF
	  0916	00 00 FF 00
	  091A	FF 00 00 00
	  091E	00 01
  337:	  0920	80 00 00 00		DB	080h,000h,000h,000h,000h,000h,000h,000h,000h,000h,000h,000h,000h,000h,000h,000h,000h
	  0924	00 00 00 00	,000h,000h,000h,000h,000h,000h,000h,000h,000h,000h,000h,000h,001h
	  0928	00 00 00 00
	  092C	00 00 00 00
	  0930	00 00 00 00
	  0934	00 00 00 00
	  0938	00 00 00 00
	  093C	00 01
  338:	  093E	80 00 00 00		DB	080h,000h,000h,000h,000h,000h,000h,000h,000h,000h,000h,000h,000h,000h,000h,000h,000h
	  0942	00 00 00 00	,000h,000h,000h,000h,000h,000h,000h,000h,000h,000h,000h,000h,001h
	  0946	00 00 00 00
	  094A	00 00 00 00
	  094E	00 00 00 00
	  0952	00 00 00 00
	  0956	00 00 00 00
	  095A	00 01
  339:	  095C	80 00 00 00		DB	080h,000h,000h,000h,000h,000h,000h,000h,000h,000h,000h,000h,000h,000h,000h,000h,000h
	  0960	00 00 00 00	,000h,000h,000h,000h,000h,000h,000h,000h,000h,000h,000h,000h,001h
	  0964	00 00 00 00
	  0968	00 00 00 00
	  096C	00 00 00 00
	  0970	00 00 00 00
	  0974	00 00 00 00
	  0978	00 01
  340:	  097A	80 00 00 00		DB	080h,000h,000h,000h,000h,000h,000h,000h,000h,000h,000h,000h,000h,000h,000h,000h,000h
	  097E	00 00 00 00	,000h,000h,000h,000h,000h,000h,000h,000h,000h,000h,000h,000h,001h
	  0982	00 00 00 00
	  0986	00 00 00 00
	  098A	00 00 00 00
	  098E	00 00 00 00
	  0992	00 00 00 00
	  0996	00 01
  341:	  0998	80 00 00 00		DB	080h,000h,000h,000h,000h,000h,000h,000h,000h,000h,000h,000h,000h,000h,000h,000h,000h
	  099C	00 00 00 00	,000h,000h,000h,000h,000h,000h,000h,000h,000h,000h,000h,000h,001h
	  09A0	00 00 00 00
	  09A4	00 00 00 00
	  09A8	00 00 00 00
	  09AC	00 00 00 00
	  09B0	00 00 00 00
	  09B4	00 01
  342:	  09B6	80 00 00 00		DB	080h,000h,000h,000h,000h,000h,000h,000h,000h,000h,000h,000h,000h,000h,000h,000h,000h
	  09BA	00 00 00 00	,000h,000h,000h,000h,000h,000h,000h,000h,000h,000h,000h,000h,001h
	  09BE	00 00 00 00

ASEM-51 V1.3                                        Copyright (c) 2002 by W.W. Heinz                                         PAGE 15



 Line  I  Addr  Code            Source

	  09C2	00 00 00 00
	  09C6	00 00 00 00
	  09CA	00 00 00 00
	  09CE	00 00 00 00
	  09D2	00 01
  343:	  09D4	80 00 00 00		DB	080h,000h,000h,000h,000h,000h,000h,000h,000h,000h,000h,000h,000h,000h,000h,000h,000h
	  09D8	00 00 00 00	,000h,000h,000h,000h,000h,000h,000h,000h,000h,000h,000h,000h,001h
	  09DC	00 00 00 00
	  09E0	00 00 00 00
	  09E4	00 00 00 00
	  09E8	00 00 00 00
	  09EC	00 00 00 00
	  09F0	00 01
  344:	  09F2	80 00 00 00		DB	080h,000h,000h,000h,000h,000h,000h,000h,000h,000h,000h,000h,000h,000h,000h,000h,000h
	  09F6	00 00 00 00	,000h,000h,000h,000h,000h,000h,000h,000h,000h,000h,000h,000h,001h
	  09FA	00 00 00 00
	  09FE	00 00 00 00
	  0A02	00 00 00 00
	  0A06	00 00 00 00
	  0A0A	00 00 00 00
	  0A0E	00 01
  345:	  0A10	80 00 00 00		DB	080h,000h,000h,000h,000h,000h,000h,000h,000h,000h,000h,000h,000h,000h,000h,000h,000h
	  0A14	00 00 00 00	,000h,000h,000h,000h,000h,000h,000h,000h,000h,000h,000h,000h,001h
	  0A18	00 00 00 00
	  0A1C	00 00 00 00
	  0A20	00 00 00 00
	  0A24	00 00 00 00
	  0A28	00 00 00 00
	  0A2C	00 01
  346:	  0A2E	FF FF FF FF		DB	0FFh,0FFh,0FFh,0FFh,0FFh,0FFh,0FFh,0FFh,0FFh,0FFh,0FFh,0FFh,0FFh,0FFh,0FFh,0FFh,0FFh
	  0A32	FF FF FF FF	,0FFh,0FFh,0FFh,0FFh,0FFh,0FFh,0FFh,0FFh,0FFh,0FFh,0FFh,0FFh,0FFh
	  0A36	FF FF FF FF
	  0A3A	FF FF FF FF
	  0A3E	FF FF FF FF
	  0A42	FF FF FF FF
	  0A46	FF FF FF FF
	  0A4A	FF FF
  347:	  0A4C	80 00 00 00		DB	080h,000h,000h,000h,000h,000h,000h,000h,000h,000h,000h,000h,000h,000h,000h,000h,000h
	  0A50	00 00 00 00	,000h,000h,000h,000h,000h,000h,000h,000h,000h,000h,000h,000h,001h
	  0A54	00 00 00 00
	  0A58	00 00 00 00
	  0A5C	00 00 00 00
	  0A60	00 00 00 00
	  0A64	00 00 00 00
	  0A68	00 01
  348:	  0A6A	80 00 00 00		DB	080h,000h,000h,000h,000h,000h,000h,000h,000h,000h,000h,000h,000h,000h,000h,000h,000h
	  0A6E	00 00 00 00	,000h,000h,000h,000h,000h,000h,000h,000h,000h,000h,000h,000h,001h
	  0A72	00 00 00 00
	  0A76	00 00 00 00
	  0A7A	00 00 00 00
	  0A7E	00 00 00 00
	  0A82	00 00 00 00
	  0A86	00 01
  349:	  0A88	80 00 00 00		DB	080h,000h,000h,000h,000h,000h,000h,000h,000h,000h,000h,000h,000h,000h,000h,000h,000h
	  0A8C	00 00 00 00	,000h,000h,000h,000h,000h,000h,000h,000h,000h,000h,000h,000h,001h
	  0A90	00 00 00 00

ASEM-51 V1.3                                        Copyright (c) 2002 by W.W. Heinz                                         PAGE 16



 Line  I  Addr  Code            Source

	  0A94	00 00 00 00
	  0A98	00 00 00 00
	  0A9C	00 00 00 00
	  0AA0	00 00 00 00
	  0AA4	00 01
  350:	  0AA6	80 00 00 00		DB	080h,000h,000h,000h,000h,000h,000h,000h,000h,000h,000h,000h,000h,000h,000h,000h,000h
	  0AAA	00 00 00 00	,000h,000h,000h,000h,000h,000h,000h,000h,000h,000h,000h,000h,001h
	  0AAE	00 00 00 00
	  0AB2	00 00 00 00
	  0AB6	00 00 00 00
	  0ABA	00 00 00 00
	  0ABE	00 00 00 00
	  0AC2	00 01
  351:	  0AC4	80 00 00 00		DB	080h,000h,000h,000h,000h,000h,000h,000h,000h,000h,000h,000h,000h,000h,000h,000h,000h
	  0AC8	00 00 00 00	,000h,000h,000h,000h,000h,000h,000h,000h,000h,000h,000h,000h,001h
	  0ACC	00 00 00 00
	  0AD0	00 00 00 00
	  0AD4	00 00 00 00
	  0AD8	00 00 00 00
	  0ADC	00 00 00 00
	  0AE0	00 01
  352:	  0AE2	80 00 00 00		DB	080h,000h,000h,000h,000h,000h,000h,000h,000h,000h,000h,000h,000h,000h,000h,000h,000h
	  0AE6	00 00 00 00	,000h,000h,000h,000h,000h,000h,000h,000h,000h,000h,000h,000h,001h
	  0AEA	00 00 00 00
	  0AEE	00 00 00 00
	  0AF2	00 00 00 00
	  0AF6	00 00 00 00
	  0AFA	00 00 00 00
	  0AFE	00 01
  353:	  0B00	80 00 00 00		DB	080h,000h,000h,000h,000h,000h,000h,000h,000h,000h,000h,000h,000h,000h,000h,000h,000h
	  0B04	00 00 00 00	,000h,000h,000h,000h,000h,000h,000h,000h,000h,000h,000h,000h,001h
	  0B08	00 00 00 00
	  0B0C	00 00 00 00
	  0B10	00 00 00 00
	  0B14	00 00 00 00
	  0B18	00 00 00 00
	  0B1C	00 01
  354:	  0B1E	80 00 00 00		DB	080h,000h,000h,000h,000h,000h,000h,000h,000h,000h,000h,000h,000h,000h,000h,000h,000h
	  0B22	00 00 00 00	,000h,000h,000h,000h,000h,000h,000h,000h,000h,000h,000h,000h,001h
	  0B26	00 00 00 00
	  0B2A	00 00 00 00
	  0B2E	00 00 00 00
	  0B32	00 00 00 00
	  0B36	00 00 00 00
	  0B3A	00 01
  355:	  0B3C	80 00 00 00		DB	080h,000h,000h,000h,000h,000h,000h,000h,000h,000h,000h,000h,000h,000h,000h,000h,000h
	  0B40	00 00 00 00	,000h,000h,000h,000h,000h,000h,000h,000h,000h,000h,000h,000h,001h
	  0B44	00 00 00 00
	  0B48	00 00 00 00
	  0B4C	00 00 00 00
	  0B50	00 00 00 00
	  0B54	00 00 00 00
	  0B58	00 01
  356:	  0B5A	80 00 00 00		DB	080h,000h,000h,000h,000h,000h,000h,000h,000h,000h,000h,000h,000h,000h,000h,000h,000h
	  0B5E	00 00 00 00	,000h,000h,000h,000h,000h,000h,000h,000h,000h,000h,000h,000h,001h
	  0B62	00 00 00 00

ASEM-51 V1.3                                        Copyright (c) 2002 by W.W. Heinz                                         PAGE 17



 Line  I  Addr  Code            Source

	  0B66	00 00 00 00
	  0B6A	00 00 00 00
	  0B6E	00 00 00 00
	  0B72	00 00 00 00
	  0B76	00 01
  357:	  0B78	80 00 00 00		DB	080h,000h,000h,000h,000h,000h,000h,000h,000h,000h,000h,000h,000h,000h,000h,000h,000h
	  0B7C	00 00 00 00	,000h,000h,000h,000h,000h,000h,000h,000h,000h,000h,000h,000h,001h
	  0B80	00 00 00 00
	  0B84	00 00 00 00
	  0B88	00 00 00 00
	  0B8C	00 00 00 00
	  0B90	00 00 00 00
	  0B94	00 01
  358:	  0B96	80 00 00 00		DB	080h,000h,000h,000h,000h,000h,000h,000h,000h,000h,000h,000h,000h,000h,000h,000h,000h
	  0B9A	00 00 00 00	,000h,000h,000h,000h,000h,000h,000h,000h,000h,000h,000h,000h,001h
	  0B9E	00 00 00 00
	  0BA2	00 00 00 00
	  0BA6	00 00 00 00
	  0BAA	00 00 00 00
	  0BAE	00 00 00 00
	  0BB2	00 01
  359:	  0BB4	80 00 00 00		DB	080h,000h,000h,000h,000h,000h,000h,000h,000h,000h,000h,000h,000h,000h,000h,000h,000h
	  0BB8	00 00 00 00	,000h,000h,000h,000h,000h,000h,000h,000h,000h,000h,000h,000h,001h
	  0BBC	00 00 00 00
	  0BC0	00 00 00 00
	  0BC4	00 00 00 00
	  0BC8	00 00 00 00
	  0BCC	00 00 00 00
	  0BD0	00 01
  360:	  0BD2	80 00 00 00		DB	080h,000h,000h,000h,000h,000h,000h,000h,000h,000h,000h,000h,000h,000h,000h,000h,000h
	  0BD6	00 00 00 00	,000h,000h,000h,000h,000h,000h,000h,000h,000h,000h,000h,000h,001h
	  0BDA	00 00 00 00
	  0BDE	00 00 00 00
	  0BE2	00 00 00 00
	  0BE6	00 00 00 00
	  0BEA	00 00 00 00
	  0BEE	00 01
  361:	  0BF0	80 00 00 00		DB	080h,000h,000h,000h,000h,000h,000h,000h,000h,000h,000h,000h,000h,000h,000h,000h,000h
	  0BF4	00 00 00 00	,000h,000h,000h,000h,000h,000h,000h,000h,000h,000h,000h,000h,001h
	  0BF8	00 00 00 00
	  0BFC	00 00 00 00
	  0C00	00 00 00 00
	  0C04	00 00 00 00
	  0C08	00 00 00 00
	  0C0C	00 01
  362:	  0C0E	80 00 00 00		DB	080h,000h,000h,000h,000h,000h,000h,000h,000h,000h,000h,000h,000h,000h,000h,000h,000h
	  0C12	00 00 00 00	,000h,000h,000h,000h,000h,000h,000h,000h,000h,000h,000h,000h,001h
	  0C16	00 00 00 00
	  0C1A	00 00 00 00
	  0C1E	00 00 00 00
	  0C22	00 00 00 00
	  0C26	00 00 00 00
	  0C2A	00 01
  363:	  0C2C	80 00 00 00		DB	080h,000h,000h,000h,000h,000h,000h,000h,000h,000h,000h,000h,000h,000h,000h,000h,000h
	  0C30	00 00 00 00	,000h,000h,000h,000h,000h,000h,000h,000h,000h,000h,000h,000h,001h
	  0C34	00 00 00 00

ASEM-51 V1.3                                        Copyright (c) 2002 by W.W. Heinz                                         PAGE 18



 Line  I  Addr  Code            Source

	  0C38	00 00 00 00
	  0C3C	00 00 00 00
	  0C40	00 00 00 00
	  0C44	00 00 00 00
	  0C48	00 01
  364:	  0C4A	80 00 00 00		DB	080h,000h,000h,000h,000h,000h,000h,000h,000h,000h,000h,000h,000h,000h,000h,000h,000h
	  0C4E	00 00 00 00	,000h,000h,000h,000h,000h,000h,000h,000h,000h,000h,000h,000h,001h
	  0C52	00 00 00 00
	  0C56	00 00 00 00
	  0C5A	00 00 00 00
	  0C5E	00 00 00 00
	  0C62	00 00 00 00
	  0C66	00 01
  365:	  0C68	80 00 00 00		DB	080h,000h,000h,000h,000h,000h,000h,000h,000h,000h,000h,000h,000h,000h,000h,000h,000h
	  0C6C	00 00 00 00	,000h,000h,000h,000h,000h,000h,000h,000h,000h,000h,000h,000h,001h
	  0C70	00 00 00 00
	  0C74	00 00 00 00
	  0C78	00 00 00 00
	  0C7C	00 00 00 00
	  0C80	00 00 00 00
	  0C84	00 01
  366:	  0C86	80 00 00 00		DB	080h,000h,000h,000h,000h,000h,000h,000h,000h,000h,000h,000h,000h,000h,000h,000h,000h
	  0C8A	00 00 00 00	,000h,000h,000h,000h,000h,000h,000h,000h,000h,000h,000h,000h,001h
	  0C8E	00 00 00 00
	  0C92	00 00 00 00
	  0C96	00 00 00 00
	  0C9A	00 00 00 00
	  0C9E	00 00 00 00
	  0CA2	00 01
  367:	  0CA4	80 00 00 00		DB	080h,000h,000h,000h,000h,000h,000h,000h,000h,000h,000h,000h,000h,000h,000h,000h,000h
	  0CA8	00 00 00 00	,000h,000h,000h,000h,000h,000h,000h,000h,000h,000h,000h,000h,001h
	  0CAC	00 00 00 00
	  0CB0	00 00 00 00
	  0CB4	00 00 00 00
	  0CB8	00 00 00 00
	  0CBC	00 00 00 00
	  0CC0	00 01
  368:	  0CC2	80 00 00 00		DB	080h,000h,000h,000h,000h,000h,000h,000h,000h,000h,000h,000h,000h,000h,000h,000h,000h
	  0CC6	00 00 00 00	,000h,000h,000h,000h,000h,000h,000h,000h,000h,000h,000h,000h,001h
	  0CCA	00 00 00 00
	  0CCE	00 00 00 00
	  0CD2	00 00 00 00
	  0CD6	00 00 00 00
	  0CDA	00 00 00 00
	  0CDE	00 01
  369:	  0CE0	80 00 00 00		DB	080h,000h,000h,000h,000h,000h,000h,000h,000h,000h,000h,000h,000h,000h,000h,000h,000h
	  0CE4	00 00 00 00	,000h,000h,000h,000h,000h,000h,000h,000h,000h,000h,000h,000h,001h
	  0CE8	00 00 00 00
	  0CEC	00 00 00 00
	  0CF0	00 00 00 00
	  0CF4	00 00 00 00
	  0CF8	00 00 00 00
	  0CFC	00 01
  370:	  0CFE	80 00 00 00		DB	080h,000h,000h,000h,000h,000h,000h,000h,000h,000h,000h,000h,000h,000h,000h,000h,000h
	  0D02	00 00 00 00	,000h,000h,000h,000h,000h,000h,000h,000h,000h,000h,000h,000h,001h
	  0D06	00 00 00 00

ASEM-51 V1.3                                        Copyright (c) 2002 by W.W. Heinz                                         PAGE 19



 Line  I  Addr  Code            Source

	  0D0A	00 00 00 00
	  0D0E	00 00 00 00
	  0D12	00 00 00 00
	  0D16	00 00 00 00
	  0D1A	00 01
  371:	  0D1C	80 00 00 00		DB	080h,000h,000h,000h,000h,000h,000h,000h,000h,000h,000h,000h,000h,000h,000h,000h,000h
	  0D20	00 00 00 00	,000h,000h,000h,000h,000h,000h,000h,000h,000h,000h,000h,000h,001h
	  0D24	00 00 00 00
	  0D28	00 00 00 00
	  0D2C	00 00 00 00
	  0D30	00 00 00 00
	  0D34	00 00 00 00
	  0D38	00 01
  372:	  0D3A	80 00 00 00		DB	080h,000h,000h,000h,000h,000h,000h,000h,000h,000h,000h,000h,000h,000h,000h,000h,000h
	  0D3E	00 00 00 00	,000h,000h,000h,000h,000h,000h,000h,000h,000h,000h,000h,000h,001h
	  0D42	00 00 00 00
	  0D46	00 00 00 00
	  0D4A	00 00 00 00
	  0D4E	00 00 00 00
	  0D52	00 00 00 00
	  0D56	00 01
  373:	  0D58	80 00 00 00		DB	080h,000h,000h,000h,000h,000h,000h,000h,000h,000h,000h,000h,000h,000h,000h,000h,000h
	  0D5C	00 00 00 00	,000h,000h,000h,000h,000h,000h,000h,000h,000h,000h,000h,000h,001h
	  0D60	00 00 00 00
	  0D64	00 00 00 00
	  0D68	00 00 00 00
	  0D6C	00 00 00 00
	  0D70	00 00 00 00
	  0D74	00 01
  374:	  0D76	80 00 00 00		DB	080h,000h,000h,000h,000h,000h,000h,000h,000h,000h,000h,000h,000h,000h,000h,000h,000h
	  0D7A	00 00 00 00	,000h,000h,000h,000h,000h,000h,000h,000h,000h,000h,000h,000h,001h
	  0D7E	00 00 00 00
	  0D82	00 00 00 00
	  0D86	00 00 00 00
	  0D8A	00 00 00 00
	  0D8E	00 00 00 00
	  0D92	00 01
  375:	  0D94	80 00 00 00		DB	080h,000h,000h,000h,000h,000h,000h,000h,000h,000h,000h,000h,000h,000h,000h,000h,000h
	  0D98	00 00 00 00	,000h,000h,000h,000h,000h,000h,000h,000h,000h,000h,000h,000h,001h
	  0D9C	00 00 00 00
	  0DA0	00 00 00 00
	  0DA4	00 00 00 00
	  0DA8	00 00 00 00
	  0DAC	00 00 00 00
	  0DB0	00 01
  376:	  0DB2	80 00 00 00		DB	080h,000h,000h,000h,000h,000h,000h,000h,000h,000h,000h,000h,000h,000h,000h,000h,000h
	  0DB6	00 00 00 00	,000h,000h,000h,000h,000h,000h,000h,000h,000h,000h,000h,000h,001h
	  0DBA	00 00 00 00
	  0DBE	00 00 00 00
	  0DC2	00 00 00 00
	  0DC6	00 00 00 00
	  0DCA	00 00 00 00
	  0DCE	00 01
  377:	  0DD0	80 00 00 00		DB	080h,000h,000h,000h,000h,000h,000h,000h,000h,000h,000h,000h,000h,000h,000h,000h,000h
	  0DD4	00 00 00 00	,000h,000h,000h,000h,000h,000h,000h,000h,000h,000h,000h,000h,001h
	  0DD8	00 00 00 00

ASEM-51 V1.3                                        Copyright (c) 2002 by W.W. Heinz                                         PAGE 20



 Line  I  Addr  Code            Source

	  0DDC	00 00 00 00
	  0DE0	00 00 00 00
	  0DE4	00 00 00 00
	  0DE8	00 00 00 00
	  0DEC	00 01
  378:	  0DEE	80 00 00 00		DB	080h,000h,000h,000h,000h,000h,000h,000h,000h,000h,000h,000h,000h,000h,000h,000h,000h
	  0DF2	00 00 00 00	,000h,000h,000h,000h,000h,000h,000h,000h,000h,000h,000h,000h,001h
	  0DF6	00 00 00 00
	  0DFA	00 00 00 00
	  0DFE	00 00 00 00
	  0E02	00 00 00 00
	  0E06	00 00 00 00
	  0E0A	00 01
  379:	  0E0C	80 00 00 00		DB	080h,000h,000h,000h,000h,000h,000h,000h,000h,000h,000h,000h,000h,000h,000h,000h,000h
	  0E10	00 00 00 00	,000h,000h,000h,000h,000h,000h,000h,000h,000h,000h,000h,000h,001h
	  0E14	00 00 00 00
	  0E18	00 00 00 00
	  0E1C	00 00 00 00
	  0E20	00 00 00 00
	  0E24	00 00 00 00
	  0E28	00 01
  380:	  0E2A	80 00 00 00		DB	080h,000h,000h,000h,000h,000h,000h,000h,000h,000h,000h,000h,000h,000h,000h,000h,000h
	  0E2E	00 00 00 00	,000h,000h,000h,000h,000h,000h,000h,000h,000h,000h,000h,000h,001h
	  0E32	00 00 00 00
	  0E36	00 00 00 00
	  0E3A	00 00 00 00
	  0E3E	00 00 00 00
	  0E42	00 00 00 00
	  0E46	00 01
  381:	  0E48	80 00 00 00		DB	080h,000h,000h,000h,000h,000h,000h,000h,000h,000h,000h,000h,000h,000h,000h,000h,000h
	  0E4C	00 00 00 00	,000h,000h,000h,000h,000h,000h,000h,000h,000h,000h,000h,000h,001h
	  0E50	00 00 00 00
	  0E54	00 00 00 00
	  0E58	00 00 00 00
	  0E5C	00 00 00 00
	  0E60	00 00 00 00
	  0E64	00 01
  382:	  0E66	80 00 00 00		DB	080h,000h,000h,000h,000h,000h,000h,000h,000h,000h,000h,000h,000h,000h,000h,000h,000h
	  0E6A	00 00 00 00	,000h,000h,000h,000h,000h,000h,000h,000h,000h,000h,000h,000h,001h
	  0E6E	00 00 00 00
	  0E72	00 00 00 00
	  0E76	00 00 00 00
	  0E7A	00 00 00 00
	  0E7E	00 00 00 00
	  0E82	00 01
  383:	  0E84	80 00 00 00		DB	080h,000h,000h,000h,000h,000h,000h,000h,000h,000h,000h,000h,000h,000h,000h,000h,000h
	  0E88	00 00 00 00	,000h,000h,000h,000h,000h,000h,000h,000h,000h,000h,000h,000h,001h
	  0E8C	00 00 00 00
	  0E90	00 00 00 00
	  0E94	00 00 00 00
	  0E98	00 00 00 00
	  0E9C	00 00 00 00
	  0EA0	00 01
  384:	  0EA2	80 00 00 00		DB	080h,000h,000h,000h,000h,000h,000h,000h,000h,000h,000h,000h,000h,000h,000h,000h,000h
	  0EA6	00 00 00 00	,000h,000h,000h,000h,000h,000h,000h,000h,000h,000h,000h,000h,001h
	  0EAA	00 00 00 00

ASEM-51 V1.3                                        Copyright (c) 2002 by W.W. Heinz                                         PAGE 21



 Line  I  Addr  Code            Source

	  0EAE	00 00 00 00
	  0EB2	00 00 00 00
	  0EB6	00 00 00 00
	  0EBA	00 00 00 00
	  0EBE	00 01
  385:	  0EC0	80 00 00 00		DB	080h,000h,000h,000h,000h,000h,000h,000h,000h,000h,000h,000h,000h,000h,000h,000h,000h
	  0EC4	00 00 00 00	,000h,000h,000h,000h,000h,000h,000h,000h,000h,000h,000h,000h,001h
	  0EC8	00 00 00 00
	  0ECC	00 00 00 00
	  0ED0	00 00 00 00
	  0ED4	00 00 00 00
	  0ED8	00 00 00 00
	  0EDC	00 01
  386:	  0EDE	80 00 00 00		DB	080h,000h,000h,000h,000h,000h,000h,000h,000h,000h,000h,000h,000h,000h,000h,000h,000h
	  0EE2	00 00 00 00	,000h,000h,000h,000h,000h,000h,000h,000h,000h,000h,000h,000h,001h
	  0EE6	00 00 00 00
	  0EEA	00 00 00 00
	  0EEE	00 00 00 00
	  0EF2	00 00 00 00
	  0EF6	00 00 00 00
	  0EFA	00 01
  387:	  0EFC	80 00 00 00		DB	080h,000h,000h,000h,000h,000h,000h,000h,000h,000h,000h,000h,000h,000h,000h,000h,000h
	  0F00	00 00 00 00	,000h,000h,000h,000h,000h,000h,000h,000h,000h,000h,000h,000h,001h
	  0F04	00 00 00 00
	  0F08	00 00 00 00
	  0F0C	00 00 00 00
	  0F10	00 00 00 00
	  0F14	00 00 00 00
	  0F18	00 01
  388:	  0F1A	80 00 00 00		DB	080h,000h,000h,000h,000h,000h,000h,000h,000h,000h,000h,000h,000h,000h,000h,000h,000h
	  0F1E	00 00 00 00	,000h,000h,000h,000h,000h,000h,000h,000h,000h,000h,000h,000h,001h
	  0F22	00 00 00 00
	  0F26	00 00 00 00
	  0F2A	00 00 00 00
	  0F2E	00 00 00 00
	  0F32	00 00 00 00
	  0F36	00 01
  389:	  0F38	80 00 00 00		DB	080h,000h,000h,000h,000h,000h,000h,000h,000h,000h,000h,000h,000h,000h,000h,000h,000h
	  0F3C	00 00 00 00	,000h,000h,000h,000h,000h,000h,000h,000h,000h,000h,000h,000h,001h
	  0F40	00 00 00 00
	  0F44	00 00 00 00
	  0F48	00 00 00 00
	  0F4C	00 00 00 00
	  0F50	00 00 00 00
	  0F54	00 01
  390:	  0F56	80 00 00 00		DB	080h,000h,000h,000h,000h,000h,000h,000h,000h,000h,000h,000h,000h,000h,000h,000h,000h
	  0F5A	00 00 00 00	,000h,000h,000h,000h,000h,000h,000h,000h,000h,000h,000h,000h,001h
	  0F5E	00 00 00 00
	  0F62	00 00 00 00
	  0F66	00 00 00 00
	  0F6A	00 00 00 00
	  0F6E	00 00 00 00
	  0F72	00 01
  391:	  0F74	80 00 00 00		DB	080h,000h,000h,000h,000h,000h,000h,000h,000h,000h,000h,000h,000h,000h,000h,000h,000h
	  0F78	00 00 00 00	,000h,000h,000h,000h,000h,000h,000h,000h,000h,000h,000h,000h,001h
	  0F7C	00 00 00 00

ASEM-51 V1.3                                        Copyright (c) 2002 by W.W. Heinz                                         PAGE 22



 Line  I  Addr  Code            Source

	  0F80	00 00 00 00
	  0F84	00 00 00 00
	  0F88	00 00 00 00
	  0F8C	00 00 00 00
	  0F90	00 01
  392:	  0F92	80 00 00 00		DB	080h,000h,000h,000h,000h,000h,000h,000h,000h,000h,000h,000h,000h,000h,000h,000h,000h
	  0F96	00 00 00 00	,000h,000h,000h,000h,000h,000h,000h,000h,000h,000h,000h,000h,001h
	  0F9A	00 00 00 00
	  0F9E	00 00 00 00
	  0FA2	00 00 00 00
	  0FA6	00 00 00 00
	  0FAA	00 00 00 00
	  0FAE	00 01
  393:	  0FB0	80 00 00 00		DB	080h,000h,000h,000h,000h,000h,000h,000h,000h,000h,000h,000h,000h,000h,000h,000h,000h
	  0FB4	00 00 00 00	,000h,000h,000h,000h,000h,000h,000h,000h,000h,000h,000h,000h,001h
	  0FB8	00 00 00 00
	  0FBC	00 00 00 00
	  0FC0	00 00 00 00
	  0FC4	00 00 00 00
	  0FC8	00 00 00 00
	  0FCC	00 01
  394:	  0FCE	80 00 00 00		DB	080h,000h,000h,000h,000h,000h,000h,000h,000h,000h,000h,000h,000h,000h,000h,000h,000h
	  0FD2	00 00 00 00	,000h,000h,000h,000h,000h,000h,000h,000h,000h,000h,000h,000h,001h
	  0FD6	00 00 00 00
	  0FDA	00 00 00 00
	  0FDE	00 00 00 00
	  0FE2	00 00 00 00
	  0FE6	00 00 00 00
	  0FEA	00 01
  395:	  0FEC	80 00 00 00		DB	080h,000h,000h,000h,000h,000h,000h,000h,000h,000h,000h,000h,000h,000h,000h,000h,000h
	  0FF0	00 00 00 00	,000h,000h,000h,000h,000h,000h,000h,000h,000h,000h,000h,000h,001h
	  0FF4	00 00 00 00
	  0FF8	00 00 00 00
	  0FFC	00 00 00 00
	  1000	00 00 00 00
	  1004	00 00 00 00
	  1008	00 01
  396:	  100A	80 00 00 00		DB	080h,000h,000h,000h,000h,000h,000h,000h,000h,000h,000h,000h,000h,000h,000h,000h,000h
	  100E	00 00 00 00	,000h,000h,000h,000h,000h,000h,000h,000h,000h,000h,000h,000h,001h
	  1012	00 00 00 00
	  1016	00 00 00 00
	  101A	00 00 00 00
	  101E	00 00 00 00
	  1022	00 00 00 00
	  1026	00 01
  397:	  1028	80 00 00 00		DB	080h,000h,000h,000h,000h,000h,000h,000h,000h,000h,000h,000h,000h,000h,000h,000h,000h
	  102C	00 00 00 00	,000h,000h,000h,000h,000h,000h,000h,000h,000h,000h,000h,000h,001h
	  1030	00 00 00 00
	  1034	00 00 00 00
	  1038	00 00 00 00
	  103C	00 00 00 00
	  1040	00 00 00 00
	  1044	00 01
  398:	  1046	80 00 00 00		DB	080h,000h,000h,000h,000h,000h,000h,000h,000h,000h,000h,000h,000h,000h,000h,000h,000h
	  104A	00 00 00 00	,000h,000h,000h,000h,000h,000h,000h,000h,000h,000h,000h,000h,001h
	  104E	00 00 00 00

ASEM-51 V1.3                                        Copyright (c) 2002 by W.W. Heinz                                         PAGE 23



 Line  I  Addr  Code            Source

	  1052	00 00 00 00
	  1056	00 00 00 00
	  105A	00 00 00 00
	  105E	00 00 00 00
	  1062	00 01
  399:	  1064	80 00 00 00		DB	080h,000h,000h,000h,000h,000h,000h,000h,000h,000h,000h,000h,000h,000h,000h,000h,000h
	  1068	00 00 00 00	,000h,000h,000h,000h,000h,000h,000h,000h,000h,000h,000h,000h,001h
	  106C	00 00 00 00
	  1070	00 00 00 00
	  1074	00 00 00 00
	  1078	00 00 00 00
	  107C	00 00 00 00
	  1080	00 01
  400:	  1082	80 00 00 00		DB	080h,000h,000h,000h,000h,000h,000h,000h,000h,000h,000h,000h,000h,000h,000h,000h,000h
	  1086	00 00 00 00	,000h,000h,000h,000h,000h,000h,000h,000h,000h,000h,000h,000h,001h
	  108A	00 00 00 00
	  108E	00 00 00 00
	  1092	00 00 00 00
	  1096	00 00 00 00
	  109A	00 00 00 00
	  109E	00 01
  401:	  10A0	80 00 00 00		DB	080h,000h,000h,000h,000h,000h,000h,000h,000h,000h,000h,000h,000h,000h,000h,000h,000h
	  10A4	00 00 00 00	,000h,000h,000h,000h,000h,000h,000h,000h,000h,000h,000h,000h,001h
	  10A8	00 00 00 00
	  10AC	00 00 00 00
	  10B0	00 00 00 00
	  10B4	00 00 00 00
	  10B8	00 00 00 00
	  10BC	00 01
  402:	  10BE	80 00 00 00		DB	080h,000h,000h,000h,000h,000h,000h,000h,000h,000h,000h,000h,000h,000h,000h,000h,000h
	  10C2	00 00 00 00	,000h,000h,000h,000h,000h,000h,000h,000h,000h,000h,000h,000h,001h
	  10C6	00 00 00 00
	  10CA	00 00 00 00
	  10CE	00 00 00 00
	  10D2	00 00 00 00
	  10D6	00 00 00 00
	  10DA	00 01
  403:	  10DC	80 00 00 00		DB	080h,000h,000h,000h,000h,000h,000h,000h,000h,000h,000h,000h,000h,000h,000h,000h,000h
	  10E0	00 00 00 00	,000h,000h,000h,000h,000h,000h,000h,000h,000h,000h,000h,000h,001h
	  10E4	00 00 00 00
	  10E8	00 00 00 00
	  10EC	00 00 00 00
	  10F0	00 00 00 00
	  10F4	00 00 00 00
	  10F8	00 01
  404:	  10FA	80 00 00 00		DB	080h,000h,000h,000h,000h,000h,000h,000h,000h,000h,000h,000h,000h,000h,000h,000h,000h
	  10FE	00 00 00 00	,000h,000h,000h,000h,000h,000h,000h,000h,000h,000h,000h,000h,001h
	  1102	00 00 00 00
	  1106	00 00 00 00
	  110A	00 00 00 00
	  110E	00 00 00 00
	  1112	00 00 00 00
	  1116	00 01
  405:	  1118	80 00 00 00		DB	080h,000h,000h,000h,000h,000h,000h,000h,000h,000h,000h,000h,000h,000h,000h,000h,000h
	  111C	00 00 00 00	,000h,000h,000h,000h,000h,000h,000h,000h,000h,000h,000h,000h,001h
	  1120	00 00 00 00

ASEM-51 V1.3                                        Copyright (c) 2002 by W.W. Heinz                                         PAGE 24



 Line  I  Addr  Code            Source

	  1124	00 00 00 00
	  1128	00 00 00 00
	  112C	00 00 00 00
	  1130	00 00 00 00
	  1134	00 01
  406:	  1136	80 00 00 00		DB	080h,000h,000h,000h,000h,000h,000h,000h,000h,000h,000h,000h,000h,000h,000h,000h,000h
	  113A	00 00 00 00	,000h,000h,000h,000h,000h,000h,000h,000h,000h,000h,000h,000h,001h
	  113E	00 00 00 00
	  1142	00 00 00 00
	  1146	00 00 00 00
	  114A	00 00 00 00
	  114E	00 00 00 00
	  1152	00 01
  407:	  1154	80 00 00 00		DB	080h,000h,000h,000h,000h,000h,000h,000h,000h,000h,000h,000h,000h,000h,000h,000h,000h
	  1158	00 00 00 00	,000h,000h,000h,000h,000h,000h,000h,000h,000h,000h,000h,000h,001h
	  115C	00 00 00 00
	  1160	00 00 00 00
	  1164	00 00 00 00
	  1168	00 00 00 00
	  116C	00 00 00 00
	  1170	00 01
  408:	  1172	FF FF FF FF		DB	0FFh,0FFh,0FFh,0FFh,0FFh,0FFh,0FFh,0FFh,0FFh,0FFh,0FFh,0FFh,0FFh,0FFh,0FFh,0FFh,0FFh
	  1176	FF FF FF FF	,0FFh,0FFh,0FFh,0FFh,0FFh,0FFh,0FFh,0FFh,0FFh,0FFh,0FFh,0FFh,0FFh
	  117A	FF FF FF FF
	  117E	FF FF FF FF
	  1182	FF FF FF FF
	  1186	FF FF FF FF
	  118A	FF FF FF FF
	  118E	FF FF
  409:	  1190	A1			DB	0A1h
  410:
  411:	  1191			TEXT1:
  412:	  1191	48 65 6C 6C		DB	'Hello World! ',0A0h,0A1h		;NOTE! 20h is subtracted to get psaudo ascii
	  1195	6F 20 57 6F
	  1199	72 6C 64 21
	  119D	20 A0 A1
  413:
  414:	  11A0			TEXT2:
  415:	  11A0	53 69 6D 75		DB	'Simulatig graphic LCD',0A1h
	  11A4	6C 61 74 69
	  11A8	67 20 67 72
	  11AC	61 70 68 69
	  11B0	63 20 4C 43
	  11B4	44 A1
  416:
  417:	  11B6			ATTRIB:
  418:	  11B6	05 05 05 05		db	05h,05h,05h,05h,05h,05h,00h,0Dh,0Dh,0Dh,0Dh,0Dh,0Dh,0Dh,00h,0Bh,0Bh,0Bh,0Bh,0Bh,0Bh,
	  11BA	05 05 00 0D	0Bh,00h,08h,08h,08h,08h,08h,08h,08h,08h,08h,0A1h
	  11BE	0D 0D 0D 0D
	  11C2	0D 0D 00 0B
	  11C6	0B 0B 0B 0B
	  11CA	0B 0B 00 08
	  11CE	08 08 08 08
	  11D2	08 08 08 08
	  11D6	A1
  419:

ASEM-51 V1.3                                        Copyright (c) 2002 by W.W. Heinz                                         PAGE 25



 Line  I  Addr  Code            Source

  420:	  11D7			TEXT3:
  421:	  11D7	49 4E 56 41		db	'INVATT INVBLNK NRMBLNK INHBLNK',0A1h
	  11DB	54 54 20 49
	  11DF	4E 56 42 4C
	  11E3	4E 4B 20 4E
	  11E7	52 4D 42 4C
	  11EB	4E 4B 20 49
	  11EF	4E 48 42 4C
	  11F3	4E 4B A1
  422:
  423:					END





                     register banks used:  ---

                     no errors




ASEM-51 V1.3                                        Copyright (c) 2002 by W.W. Heinz                                         PAGE 26





	       L I S T   O F   S Y M B O L S
	       =============================


SYMBOL				  TYPE     VALUE	LINE
------------------------------------------------------------
??ASEM_51			  NUMBER    8051
??VERSION			  NUMBER    0130
AC				  BIT	      D6
ACC				  DATA	      E0
ATTRIB				  CODE	    11B6	 417
B				  DATA	      F0
CGRAM				  CODE	    0287	 265
CLS				  CODE	    01C3	 110
CLS1				  CODE	    01D3	 117
CY				  BIT	      D7
DPH				  DATA	      83
DPL				  DATA	      82
EA				  BIT	      AF
ES				  BIT	      AC
ET0				  BIT	      A9
ET1				  BIT	      AB
EX0				  BIT	      A8
EX1				  BIT	      AA
EXTI0				  CODE	    0003
EXTI1				  CODE	    0013
F0				  BIT	      D5
GRAPHIC				  CODE	    0290	 280
IE				  DATA	      A8
IE0				  BIT	      89
IE1				  BIT	      8B
INT0				  BIT	      B2
INT1				  BIT	      B3
IP				  DATA	      B8
IT0				  BIT	      88
IT1				  BIT	      8A
MSGC				  CODE	    01E2	 130
MSGC2				  CODE	    01E4	 132
MSGC3				  CODE	    01EA	 138
MSGD				  CODE	    01FA	 152
MSGD1				  CODE	    0200	 158
MSGDT				  CODE	    0207	 167
MSGDT1				  CODE	    020D	 173
MSGI1				  CODE	    023D	 219
MSGI2				  CODE	    0253	 229
MSGI3				  CODE	    0257	 233
MSGI4				  CODE	    025B	 237
MSGI5				  CODE	    025F	 241
MSGI6				  CODE	    0263	 245
MSGI7				  CODE	    026D	 251
MSGI8				  CODE	    0283	 261
OV				  BIT	      D2
P				  BIT	      D0
P0				  DATA	      80
P1				  DATA	      90
P2				  DATA	      A0

ASEM-51 V1.3                                        Copyright (c) 2002 by W.W. Heinz                                         PAGE 27



SYMBOL				  TYPE     VALUE	LINE
------------------------------------------------------------
P3				  DATA	      B0
PB_CD				  BIT	      90	   8
PB_R				  BIT	      91	   9
PB_RST				  BIT	      93	  11
PB_W				  BIT	      92	  10
PCON				  DATA	      87
PS				  BIT	      BC
PSW				  DATA	      D0
PT0				  BIT	      B9
PT1				  BIT	      BB
PX0				  BIT	      B8
PX1				  BIT	      BA
RB8				  BIT	      9A
RD				  BIT	      B7
REN				  BIT	      9C
RESET				  CODE	    0000
RI				  BIT	      98
RS0				  BIT	      D3
RS1				  BIT	      D4
RXD				  BIT	      B0
SBUF				  DATA	      99
SCON				  DATA	      98
SINT				  CODE	    0023
SM0				  BIT	      9F
SM1				  BIT	      9E
SM2				  BIT	      9D
SP				  DATA	      81
START				  CODE	    0100	  17
START1				  CODE	    0108	  25
STAT1				  CODE	    0231	 206
STATUS				  CODE	    022A	 202
T0				  BIT	      B4
T1				  BIT	      B5
TB8				  BIT	      9B
TCON				  DATA	      88
TEXT1				  CODE	    1191	 411
TEXT2				  CODE	    11A0	 414
TEXT3				  CODE	    11D7	 420
TF0				  BIT	      8D
TF1				  BIT	      8F
TH0				  DATA	      8C
TH1				  DATA	      8D
TI				  BIT	      99
TIMER0				  CODE	    000B
TIMER1				  CODE	    001B
TL0				  DATA	      8A
TL1				  DATA	      8B
TMOD				  DATA	      89
TR0				  BIT	      8C
TR1				  BIT	      8E
TXD				  BIT	      B1
WAIT				  CODE	    01B6	  96
WAIT1				  CODE	    01BC	 100
WR				  BIT	      B6
WRITEC				  CODE	    0217	 183
WRITEC1				  CODE	    021C	 186

ASEM-51 V1.3                                        Copyright (c) 2002 by W.W. Heinz                                         PAGE 28



SYMBOL				  TYPE     VALUE	LINE
------------------------------------------------------------
WRITED				  CODE	    0223	 194
